[ 2018-11-09T10:54:16+08:00 ] 127.0.0.1 /banjia/
INFO: [ app_init ] --START--
INFO: Run Behavior\BuildLiteBehavior [ RunTime:0.000037s ]
INFO: [ app_init ] --END-- [ RunTime:0.004141s ]
INFO: [ app_begin ] --START--
INFO: Run Behavior\ReadHtmlCacheBehavior [ RunTime:0.001391s ]
INFO: [ app_begin ] --END-- [ RunTime:0.001527s ]
ERR: SQLSTATE[HY000] [1049] Unknown database 'banjia'

[ 2018-11-09T10:59:09+08:00 ] 127.0.0.1 /banjia/
INFO: [ app_init ] --START--
INFO: Run Behavior\BuildLiteBehavior [ RunTime:0.000035s ]
INFO: [ app_init ] --END-- [ RunTime:0.001236s ]
INFO: [ app_begin ] --START--
INFO: Run Behavior\ReadHtmlCacheBehavior [ RunTime:0.001537s ]
INFO: [ app_begin ] --END-- [ RunTime:0.001830s ]
SQL: SHOW COLUMNS FROM `bj_slide` [ RunTime:0.0097s ]
SQL: SELECT * FROM `bj_slide` ORDER BY sort_id asc  [ RunTime:0.0010s ]
SQL: SHOW COLUMNS FROM `bj_menu` [ RunTime:0.0101s ]
SQL: SELECT * FROM `bj_menu` WHERE `state` = 0 AND `pid` = 0 ORDER BY sort_id asc  [ RunTime:0.0012s ]
NOTIC: [2048] Declaration of Admin\Model\ServercateModel::page() should be compatible with Think\Model::page($page, $listRows = NULL) E:\phpStudy\PHPTutorial\WWW\banjia\App\Admin\Model\ServercateModel.class.php 第 136 行.
SQL: SHOW COLUMNS FROM `bj_servercate` [ RunTime:0.0115s ]
SQL: SELECT * FROM `bj_servercate` ORDER BY sort_id asc  [ RunTime:0.0009s ]
NOTIC: [2048] Declaration of Admin\Model\NewcateModel::page() should be compatible with Think\Model::page($page, $listRows = NULL) E:\phpStudy\PHPTutorial\WWW\banjia\App\Admin\Model\NewcateModel.class.php 第 140 行.
SQL: SHOW COLUMNS FROM `bj_newcate` [ RunTime:0.0093s ]
SQL: SELECT * FROM `bj_newcate` WHERE `state` = 0 ORDER BY sort_id asc  [ RunTime:0.0008s ]
NOTIC: [2048] Declaration of Admin\Model\CaseModel::page() should be compatible with Think\Model::page($page, $listRows = NULL) E:\phpStudy\PHPTutorial\WWW\banjia\App\Admin\Model\CaseModel.class.php 第 178 行.
SQL: SHOW COLUMNS FROM `bj_case` [ RunTime:0.0105s ]
SQL: SELECT * FROM `bj_case` ORDER BY sort_id asc  [ RunTime:0.0008s ]
NOTIC: [2048] Declaration of Admin\Model\FriendModel::page() should be compatible with Think\Model::page($page, $listRows = NULL) E:\phpStudy\PHPTutorial\WWW\banjia\App\Admin\Model\FriendModel.class.php 第 118 行.
SQL: SHOW COLUMNS FROM `bj_friend` [ RunTime:0.0093s ]
SQL: SELECT * FROM `bj_friend` ORDER BY sort_id asc  [ RunTime:0.0008s ]
NOTIC: [2048] Declaration of Admin\Model\NewModel::page() should be compatible with Think\Model::page($page, $listRows = NULL) E:\phpStudy\PHPTutorial\WWW\banjia\App\Admin\Model\NewModel.class.php 第 295 行.
SQL: SHOW COLUMNS FROM `bj_new` [ RunTime:0.0092s ]
SQL: SELECT * FROM `bj_new` WHERE `pid` = 2 ORDER BY sort asc LIMIT 0,6   [ RunTime:0.0008s ]
SQL: SELECT * FROM `bj_new` WHERE `pid` = 1 ORDER BY sort asc LIMIT 0,6   [ RunTime:0.0008s ]
SQL: SELECT * FROM `bj_new` WHERE `pid` = 3 ORDER BY sort asc LIMIT 0,6   [ RunTime:0.0010s ]
NOTIC: [2048] Declaration of Admin\Model\PageModel::page() should be compatible with Think\Model::page($page, $listRows = NULL) E:\phpStudy\PHPTutorial\WWW\banjia\App\Admin\Model\PageModel.class.php 第 129 行.
SQL: SHOW COLUMNS FROM `bj_page` [ RunTime:0.0090s ]
SQL: SELECT * FROM `bj_page` WHERE `id` = 1 LIMIT 1   [ RunTime:0.0006s ]
INFO: [ view_parse ] --START--
INFO: [ template_filter ] --START--
INFO: Run Behavior\ContentReplaceBehavior [ RunTime:0.000380s ]
INFO: [ template_filter ] --END-- [ RunTime:0.000505s ]
INFO: Run Behavior\ParseTemplateBehavior [ RunTime:0.080480s ]
INFO: [ view_parse ] --END-- [ RunTime:0.080633s ]
INFO: [ view_filter ] --START--
INFO: Run Behavior\WriteHtmlCacheBehavior [ RunTime:0.001044s ]
INFO: [ view_filter ] --END-- [ RunTime:0.001151s ]
INFO: [ app_end ] --START--
INFO: Run Behavior\ShowPageTraceBehavior [ RunTime:0.001402s ]
INFO: [ app_end ] --END-- [ RunTime:0.001531s ]

[ 2018-11-09T10:59:29+08:00 ] 127.0.0.1 /banjia/index.php/admin
INFO: [ app_init ] --START--
INFO: Run Behavior\BuildLiteBehavior [ RunTime:0.000038s ]
INFO: [ app_init ] --END-- [ RunTime:0.001037s ]
INFO: [ app_begin ] --START--
INFO: Run Behavior\ReadHtmlCacheBehavior [ RunTime:0.001603s ]
INFO: [ app_begin ] --END-- [ RunTime:0.001748s ]
ERR: 无法加载控制器:Admin

[ 2018-11-09T10:59:39+08:00 ] 127.0.0.1 /banjia/index.php/
INFO: [ app_init ] --START--
INFO: Run Behavior\BuildLiteBehavior [ RunTime:0.000035s ]
INFO: [ app_init ] --END-- [ RunTime:0.001177s ]
INFO: [ app_begin ] --START--
INFO: Run Behavior\ReadHtmlCacheBehavior [ RunTime:0.001168s ]
INFO: [ app_begin ] --END-- [ RunTime:0.001300s ]
SQL: SHOW COLUMNS FROM `bj_slide` [ RunTime:0.0122s ]
SQL: SELECT * FROM `bj_slide` ORDER BY sort_id asc  [ RunTime:0.0008s ]
SQL: SHOW COLUMNS FROM `bj_menu` [ RunTime:0.0096s ]
SQL: SELECT * FROM `bj_menu` WHERE `state` = 0 AND `pid` = 0 ORDER BY sort_id asc  [ RunTime:0.0008s ]
NOTIC: [2048] Declaration of Admin\Model\ServercateModel::page() should be compatible with Think\Model::page($page, $listRows = NULL) E:\phpStudy\PHPTutorial\WWW\banjia\App\Admin\Model\ServercateModel.class.php 第 136 行.
SQL: SHOW COLUMNS FROM `bj_servercate` [ RunTime:0.0093s ]
SQL: SELECT * FROM `bj_servercate` ORDER BY sort_id asc  [ RunTime:0.0008s ]
NOTIC: [2048] Declaration of Admin\Model\NewcateModel::page() should be compatible with Think\Model::page($page, $listRows = NULL) E:\phpStudy\PHPTutorial\WWW\banjia\App\Admin\Model\NewcateModel.class.php 第 140 行.
SQL: SHOW COLUMNS FROM `bj_newcate` [ RunTime:0.0092s ]
SQL: SELECT * FROM `bj_newcate` WHERE `state` = 0 ORDER BY sort_id asc  [ RunTime:0.0009s ]
NOTIC: [2048] Declaration of Admin\Model\CaseModel::page() should be compatible with Think\Model::page($page, $listRows = NULL) E:\phpStudy\PHPTutorial\WWW\banjia\App\Admin\Model\CaseModel.class.php 第 178 行.
SQL: SHOW COLUMNS FROM `bj_case` [ RunTime:0.0087s ]
SQL: SELECT * FROM `bj_case` ORDER BY sort_id asc  [ RunTime:0.0008s ]
NOTIC: [2048] Declaration of Admin\Model\FriendModel::page() should be compatible with Think\Model::page($page, $listRows = NULL) E:\phpStudy\PHPTutorial\WWW\banjia\App\Admin\Model\FriendModel.class.php 第 118 行.
SQL: SHOW COLUMNS FROM `bj_friend` [ RunTime:0.0094s ]
SQL: SELECT * FROM `bj_friend` ORDER BY sort_id asc  [ RunTime:0.0008s ]
NOTIC: [2048] Declaration of Admin\Model\NewModel::page() should be compatible with Think\Model::page($page, $listRows = NULL) E:\phpStudy\PHPTutorial\WWW\banjia\App\Admin\Model\NewModel.class.php 第 295 行.
SQL: SHOW COLUMNS FROM `bj_new` [ RunTime:0.0094s ]
SQL: SELECT * FROM `bj_new` WHERE `pid` = 2 ORDER BY sort asc LIMIT 0,6   [ RunTime:0.0008s ]
SQL: SELECT * FROM `bj_new` WHERE `pid` = 1 ORDER BY sort asc LIMIT 0,6   [ RunTime:0.0008s ]
SQL: SELECT * FROM `bj_new` WHERE `pid` = 3 ORDER BY sort asc LIMIT 0,6   [ RunTime:0.0009s ]
NOTIC: [2048] Declaration of Admin\Model\PageModel::page() should be compatible with Think\Model::page($page, $listRows = NULL) E:\phpStudy\PHPTutorial\WWW\banjia\App\Admin\Model\PageModel.class.php 第 129 行.
SQL: SHOW COLUMNS FROM `bj_page` [ RunTime:0.0106s ]
SQL: SELECT * FROM `bj_page` WHERE `id` = 1 LIMIT 1   [ RunTime:0.0007s ]
INFO: [ view_parse ] --START--
INFO: [ template_filter ] --START--
INFO: Run Behavior\ContentReplaceBehavior [ RunTime:0.000273s ]
INFO: [ template_filter ] --END-- [ RunTime:0.000400s ]
INFO: Run Behavior\ParseTemplateBehavior [ RunTime:0.057480s ]
INFO: [ view_parse ] --END-- [ RunTime:0.057640s ]
INFO: [ view_filter ] --START--
INFO: Run Behavior\WriteHtmlCacheBehavior [ RunTime:0.001053s ]
INFO: [ view_filter ] --END-- [ RunTime:0.001161s ]
INFO: [ app_end ] --START--
INFO: Run Behavior\ShowPageTraceBehavior [ RunTime:0.001625s ]
INFO: [ app_end ] --END-- [ RunTime:0.001771s ]

